<?xml version="1.0" encoding="UTF-8"?>
<testsuite name="Test" tests="62" skipped="0" failures="0" errors="0" timestamp="2025-05-09T12:27:30.420Z" hostname="CY-UNIT-0203" time="0.202">
  <properties/>
  <testcase name="smokeTest()" classname="Test" time="0.019"/>
  <testcase name="testCountPartialMatchesFunction()" classname="Test" time="0.108"/>
  <testcase name="testIsWinFunction()" classname="Test" time="0.001"/>
  <testcase name="[1] true, 3, 4, true, false" classname="Test" time="0.01"/>
  <testcase name="[2] true, 4, 4, true, false" classname="Test" time="0.001"/>
  <testcase name="[3] false, 4, 4, false, false" classname="Test" time="0.0"/>
  <testcase name="[4] false, 5, 4, false, true" classname="Test" time="0.0"/>
  <testcase name="[5] false, 3, 4, false, false" classname="Test" time="0.0"/>
  <testcase name="testIsLostFunction()" classname="Test" time="0.001"/>
  <testcase name="[1] 3, ABCDE" classname="Test" time="0.001"/>
  <testcase name="[2] 5, ABCDE" classname="Test" time="0.0"/>
  <testcase name="[3] 3, ABCDEFG" classname="Test" time="0.001"/>
  <testcase name="[4] 5, ABCDEFG" classname="Test" time="0.0"/>
  <testcase name="[1] ACEB, BCDF, 1, 1" classname="Test" time="0.003"/>
  <testcase name="[2] ABCD, ABCD, 4, 0" classname="Test" time="0.001"/>
  <testcase name="[3] ABCD, DCBA, 0, 4" classname="Test" time="0.0"/>
  <testcase name="[4] ABCD, DBCA, 2, 2" classname="Test" time="0.0"/>
  <testcase name="[5] ABCD, EBCF, 2, 0" classname="Test" time="0.0"/>
  <testcase name="[6] AAAA, AAAA, 4, 0" classname="Test" time="0.001"/>
  <testcase name="[7] AAAA, BBBB, 0, 0" classname="Test" time="0.0"/>
  <testcase name="[8] AABB, BBAA, 0, 4" classname="Test" time="0.0"/>
  <testcase name="[9] ABCD, ABBA, 2, 0" classname="Test" time="0.0"/>
  <testcase name="[10] ABBA, ABCD, 2, 0" classname="Test" time="0.0"/>
  <testcase name="[11] AAAA, ABBB, 1, 0" classname="Test" time="0.001"/>
  <testcase name="[12] BBBB, BBDH, 2, 0" classname="Test" time="0.0"/>
  <testcase name="[13] AAAA, ABCD, 1, 0" classname="Test" time="0.0"/>
  <testcase name="testSafeUserInputFunction()" classname="Test" time="0.001"/>
  <testcase name="[1] ABCD, CORRECT" classname="Test" time="0.002"/>
  <testcase name="[2] ABC, INCORRECT_LENGTH" classname="Test" time="0.001"/>
  <testcase name="[3] ABCCC, INCORRECT_LENGTH" classname="Test" time="0.0"/>
  <testcase name="[4] ABCI, INCORRECT_ALPHABET" classname="Test" time="0.0"/>
  <testcase name="[5] ACI, INCORRECT_LENGTH" classname="Test" time="0.0"/>
  <testcase name="testPrintRoundResultsFunction()" classname="Test" time="0.0"/>
  <testcase name="testCountExactMatchesFunction()" classname="Test" time="0.0"/>
  <testcase name="testIsCorrectInputFunction()" classname="Test" time="0.001"/>
  <testcase name="[1] true, 3, 4, true, false" classname="Test" time="0.0"/>
  <testcase name="[2] true, 4, 4, true, false" classname="Test" time="0.0"/>
  <testcase name="[3] false, 4, 4, false, false" classname="Test" time="0.0"/>
  <testcase name="[4] false, 5, 4, false, true" classname="Test" time="0.0"/>
  <testcase name="[5] false, 3, 4, false, false" classname="Test" time="0.0"/>
  <testcase name="testGenerateSecretFunction()" classname="Test" time="0.0"/>
  <testcase name="[1] ACEB, BCDF, 1, 1" classname="Test" time="0.0"/>
  <testcase name="[2] ABCD, ABCD, 4, 0" classname="Test" time="0.001"/>
  <testcase name="[3] ABCD, DCBA, 0, 4" classname="Test" time="0.0"/>
  <testcase name="[4] ABCD, DBCA, 2, 2" classname="Test" time="0.001"/>
  <testcase name="[5] ABCD, EBCF, 2, 0" classname="Test" time="0.0"/>
  <testcase name="[6] AAAA, AAAA, 4, 0" classname="Test" time="0.001"/>
  <testcase name="[7] AAAA, BBBB, 0, 0" classname="Test" time="0.0"/>
  <testcase name="[8] AABB, BBAA, 0, 4" classname="Test" time="0.0"/>
  <testcase name="[9] ABCD, ABBA, 2, 0" classname="Test" time="0.0"/>
  <testcase name="[10] ABBA, ABCD, 2, 0" classname="Test" time="0.0"/>
  <testcase name="[11] AAAA, ABBB, 1, 0" classname="Test" time="0.0"/>
  <testcase name="[12] BBBB, BBDH, 2, 0" classname="Test" time="0.001"/>
  <testcase name="[13] AAAA, ABCD, 1, 0" classname="Test" time="0.0"/>
  <testcase name="[1] ABC&#10;ABCCC&#10;ABCI&#10;ACI&#10;ABCD&#10;, ABCD, true" classname="Test" time="0.002"/>
  <testcase name="[2] ABCD&#10;, ABCD, true" classname="Test" time="0.0"/>
  <testcase name="[3] ABCD&#10;ABC&#10;ABCCC&#10;ABCI&#10;ACI&#10;, ABCD, false" classname="Test" time="0.0"/>
  <testcase name="testplayGameFunction()" classname="Test" time="0.001"/>
  <testcase name="testGetGameRulesFunction()" classname="Test" time="0.001"/>
  <testcase name="testIsCompleteFunction()" classname="Test" time="0.0"/>
  <testcase name="[1] ACEB, BCDF, false" classname="Test" time="0.001"/>
  <testcase name="[2] ACEB, ACEB, true" classname="Test" time="0.0"/>
  <system-out><![CDATA[]]></system-out>
  <system-err><![CDATA[]]></system-err>
</testsuite>
