<?xml version="1.0" encoding="UTF-8"?>
<testsuite name="Test" tests="1" skipped="0" failures="0" errors="0" timestamp="2025-05-09T10:58:27.155Z" hostname="CY-UNIT-0203" time="0.023">
  <properties/>
  <testcase name="testSolution()" classname="Test" time="0.023"/>
  <system-out><![CDATA[]]></system-out>
  <system-err><![CDATA[]]></system-err>
</testsuite>
