<?xml version="1.0" encoding="UTF-8"?>
<testsuite name="Test" tests="148" skipped="0" failures="0" errors="0" timestamp="2025-05-18T09:55:39.401Z" hostname="CY-UNIT-0203" time="0.274">
  <properties/>
  <testcase name="smokeTest()" classname="Test" time="0.017"/>
  <testcase name="[1] , 5,      " classname="Test" time="0.015"/>
  <testcase name="[2] ○, 5, ○    " classname="Test" time="0.001"/>
  <testcase name="[3] ○○, 5, ○○   " classname="Test" time="0.001"/>
  <testcase name="[4] ○○○, 5, ○○○  " classname="Test" time="0.0"/>
  <testcase name="[5] ○○○○, 5, ○○○○ " classname="Test" time="0.001"/>
  <testcase name="[6] ○○○○○, 5, ○○○○○" classname="Test" time="0.001"/>
  <testcase name="[1] yes&#10;cube&#10;, true,    .+------+&#10; .' |    .'|&#10;+---+--+'  |&#10;|   |  |   |&#10;|  ,+--+---+&#10;|.'    | .' &#10;+------+'" classname="Test" time="0.001"/>
  <testcase name="[2] yes&#10;cube&#10;cube&#10;, false,    .+------+&#10; .' |    .'|&#10;+---+--+'  |&#10;|   |  |   |&#10;|  ,+--+---+&#10;|.'    | .' &#10;+------+'" classname="Test" time="0.0"/>
  <testcase name="[3] yes&#10;cube1&#10;cube&#10;, true,    .+------+&#10; .' |    .'|&#10;+---+--+'  |&#10;|   |  |   |&#10;|  ,+--+---+&#10;|.'    | .' &#10;+------+'" classname="Test" time="0.0"/>
  <testcase name="[4] yess&#10;yes&#10;cube&#10;, true,    .+------+&#10; .' |    .'|&#10;+---+--+'  |&#10;|   |  |   |&#10;|  ,+--+---+&#10;|.'    | .' &#10;+------+'" classname="Test" time="0.0"/>
  <testcase name="[5] yess&#10;yes&#10;cube&#10;cube&#10;, false,    .+------+&#10; .' |    .'|&#10;+---+--+'  |&#10;|   |  |   |&#10;|  ,+--+---+&#10;|.'    | .' &#10;+------+'" classname="Test" time="0.0"/>
  <testcase name="[6] yess&#10;yes&#10;cube1&#10;cube&#10;, true,    .+------+&#10; .' |    .'|&#10;+---+--+'  |&#10;|   |  |   |&#10;|  ,+--+---+&#10;|.'    | .' &#10;+------+'" classname="Test" time="0.0"/>
  <testcase name="[7] no&#10;^_^&#10;, true, ^_^" classname="Test" time="0.0"/>
  <testcase name="[8] no&#10;^_^&#10;^_^&#10;, false, ^_^" classname="Test" time="0.001"/>
  <testcase name="[9] yess&#10;no&#10;^_^&#10;, true, ^_^" classname="Test" time="0.001"/>
  <testcase name="[10] yess&#10;no&#10;^_^&#10;^_^&#10;, false, ^_^" classname="Test" time="0.001"/>
  <testcase name="fillPatternRowFunction()" classname="Test" time="0.105"/>
  <testcase name="canvasWithGapsGeneratorFunction()" classname="Test" time="0.001"/>
  <testcase name="[1] ○, 1" classname="Test" time="0.001"/>
  <testcase name="[2]  X&#10;/ \&#10;\ /&#10; X, 4" classname="Test" time="0.001"/>
  <testcase name="[3]   ____   &#10; /    \&#10;/ /  \ \&#10;\ \__/ /&#10; \____/, 5" classname="Test" time="0.0"/>
  <testcase name="[4] +---+---+&#10;| o   o |&#10;|   ^   |&#10;|  ---  |&#10;+---+---+, 5" classname="Test" time="0.0"/>
  <testcase name="[5]    .+------+&#10; .' |    .'|&#10;+---+--+'  |&#10;|   |  |   |&#10;|  ,+--+---+&#10;|.'    | .' &#10;+------+', 7" classname="Test" time="0.001"/>
  <testcase name="[1] ○, ○" classname="Test" time="0.003"/>
  <testcase name="[2] +---+---+&#10;| o   o |&#10;|   ^   |&#10;|  ---  |&#10;+---+---+, | o   o |&#10;|   ^   |&#10;|  ---  |&#10;+---+---+" classname="Test" time="0.0"/>
  <testcase name="[3]    .+------+&#10; .' |    .'|&#10;+---+--+'  |&#10;|   |  |   |&#10;|  ,+--+---+&#10;|.'    | .' &#10;+------+',  .' |    .'|&#10;+---+--+'  |&#10;|   |  |   |&#10;|  ,+--+---+&#10;|.'    | .' &#10;+------+'" classname="Test" time="0.0"/>
  <testcase name="repeatHorizontallyFunction()" classname="Test" time="0.001"/>
  <testcase name="getPatternHeightFunction()" classname="Test" time="0.001"/>
  <testcase name="getPatternFunction()" classname="Test" time="0.001"/>
  <testcase name="[1] ○, Filter(width=1, height=1, result=○)" classname="Test" time="0.001"/>
  <testcase name="[2] ○, Filter(width=2, height=1, result=○○)" classname="Test" time="0.0"/>
  <testcase name="[3]  X&#10;/ \&#10;\ /&#10; X, Filter(width=1, height=1, result= X &#10;/ \&#10;\ /&#10; X )" classname="Test" time="0.001"/>
  <testcase name="[4]  X&#10;/ \&#10;\ /&#10; X, Filter(width=2, height=1, result= X  X &#10;/ \/ \&#10;\ /\ /&#10; X  X )" classname="Test" time="0.0"/>
  <testcase name="[5]   ____   &#10; /    \&#10;/ /  \ \&#10;\ \__/ /&#10; \____/, Filter(width=1, height=1, result=  ____   &#10; /    \  &#10;/ /  \ \ &#10;\ \__/ / &#10; \____/  )" classname="Test" time="0.0"/>
  <testcase name="[6]   ____   &#10; /    \&#10;/ /  \ \&#10;\ \__/ /&#10; \____/, Filter(width=2, height=1, result=  ____     ____   &#10; /    \   /    \  &#10;/ /  \ \ / /  \ \ &#10;\ \__/ / \ \__/ / &#10; \____/   \____/  )" classname="Test" time="0.001"/>
  <testcase name="[7] +---+---+&#10;| o   o |&#10;|   ^   |&#10;|  ---  |&#10;+---+---+, Filter(width=1, height=1, result=+---+---+&#10;| o   o |&#10;|   ^   |&#10;|  ---  |&#10;+---+---+)" classname="Test" time="0.0"/>
  <testcase name="[8] +---+---+&#10;| o   o |&#10;|   ^   |&#10;|  ---  |&#10;+---+---+, Filter(width=2, height=1, result=+---+---++---+---+&#10;| o   o || o   o |&#10;|   ^   ||   ^   |&#10;|  ---  ||  ---  |&#10;+---+---++---+---+)" classname="Test" time="0.0"/>
  <testcase name="[9]    .+------+&#10; .' |    .'|&#10;+---+--+'  |&#10;|   |  |   |&#10;|  ,+--+---+&#10;|.'    | .' &#10;+------+', Filter(width=1, height=1, result=   .+------+&#10; .' |    .'|&#10;+---+--+'  |&#10;|   |  |   |&#10;|  ,+--+---+&#10;|.'    | .' &#10;+------+'   )" classname="Test" time="0.001"/>
  <testcase name="[10]    .+------+&#10; .' |    .'|&#10;+---+--+'  |&#10;|   |  |   |&#10;|  ,+--+---+&#10;|.'    | .' &#10;+------+', Filter(width=2, height=1, result=   .+------+   .+------+&#10; .' |    .'| .' |    .'|&#10;+---+--+'  |+---+--+'  |&#10;|   |  |   ||   |  |   |&#10;|  ,+--+---+|  ,+--+---+&#10;|.'    | .' |.'    | .' &#10;+------+'   +------+'   )" classname="Test" time="0.0"/>
  <testcase name="fillPatternRowErrorCase()" classname="Test" time="0.001"/>
  <testcase name="canvasGeneratorFunction()" classname="Test" time="0.001"/>
  <testcase name="[1] ○, Filter(width=1, height=1, result=○)" classname="Test" time="0.002"/>
  <testcase name="[2] ○, Filter(width=2, height=1, result=○○)" classname="Test" time="0.0"/>
  <testcase name="[3] ○, Filter(width=1, height=2, result=○&#10;○)" classname="Test" time="0.001"/>
  <testcase name="[4] ○, Filter(width=5, height=7, result=○○○○○&#10;○○○○○&#10;○○○○○&#10;○○○○○&#10;○○○○○&#10;○○○○○&#10;○○○○○)" classname="Test" time="0.0"/>
  <testcase name="[5] ○, Filter(width=6, height=8, result=○○○○○○&#10;○○○○○○&#10;○○○○○○&#10;○○○○○○&#10;○○○○○○&#10;○○○○○○&#10;○○○○○○&#10;○○○○○○)" classname="Test" time="0.0"/>
  <testcase name="[6]  X&#10;/ \&#10;\ /&#10; X, Filter(width=1, height=1, result= X &#10;/ \&#10;\ /&#10; X )" classname="Test" time="0.001"/>
  <testcase name="[7]  X&#10;/ \&#10;\ /&#10; X, Filter(width=2, height=1, result= X  X &#10;/ \/ \&#10;\ /\ /&#10; X  X )" classname="Test" time="0.0"/>
  <testcase name="[8]  X&#10;/ \&#10;\ /&#10; X, Filter(width=1, height=2, result= X &#10;/ \&#10;\ /&#10; X &#10;/ \&#10;\ /&#10; X )" classname="Test" time="0.0"/>
  <testcase name="[9]  X&#10;/ \&#10;\ /&#10; X, Filter(width=5, height=7, result= X  X  X  X  X &#10;/ \/ \/ \/ \/ \&#10;\ /\ /\ /\ /\ /&#10; X  X  X  X  X &#10;/ \/ \/ \/ \/ \&#10;\ /\ /\ /\ /\ /&#10; X  X  X  X  X &#10;/ \/ \/ \/ \/ \&#10;\ /\ /\ /\ /\ /&#10; X  X  X  X  X &#10;/ \/ \/ \/ \/ \&#10;\ /\ /\ /\ /\ /&#10; X  X  X  X  X &#10;/ \/ \/ \/ \/ \&#10;\ /\ /\ /\ /\ /&#10; X  X  X  X  X &#10;/ \/ \/ \/ \/ \&#10;\ /\ /\ /\ /\ /&#10; X  X  X  X  X &#10;/ \/ \/ \/ \/ \&#10;\ /\ /\ /\ /\ /&#10; X  X  X  X  X )" classname="Test" time="0.001"/>
  <testcase name="[10]  X&#10;/ \&#10;\ /&#10; X, Filter(width=6, height=8, result= X  X  X  X  X  X &#10;/ \/ \/ \/ \/ \/ \&#10;\ /\ /\ /\ /\ /\ /&#10; X  X  X  X  X  X &#10;/ \/ \/ \/ \/ \/ \&#10;\ /\ /\ /\ /\ /\ /&#10; X  X  X  X  X  X &#10;/ \/ \/ \/ \/ \/ \&#10;\ /\ /\ /\ /\ /\ /&#10; X  X  X  X  X  X &#10;/ \/ \/ \/ \/ \/ \&#10;\ /\ /\ /\ /\ /\ /&#10; X  X  X  X  X  X &#10;/ \/ \/ \/ \/ \/ \&#10;\ /\ /\ /\ /\ /\ /&#10; X  X  X  X  X  X &#10;/ \/ \/ \/ \/ \/ \&#10;\ /\ /\ /\ /\ /\ /&#10; X  X  X  X  X  X &#10;/ \/ \/ \/ \/ \/ \&#10;\ /\ /\ /\ /\ /\ /&#10; X  X  X  X  X  X &#10;/ \/ \/ \/ \/ \/ \&#10;\ /\ /\ /\ /\ /\ /&#10; X  X  X  X  X  X )" classname="Test" time="0.0"/>
  <testcase name="[11]   ____   &#10; /    \&#10;/ /  \ \&#10;\ \__/ /&#10; \____/, Filter(width=1, height=1, result=  ____   &#10; /    \  &#10;/ /  \ \ &#10;\ \__/ / &#10; \____/  )" classname="Test" time="0.001"/>
  <testcase name="[12]   ____   &#10; /    \&#10;/ /  \ \&#10;\ \__/ /&#10; \____/, Filter(width=2, height=1, result=  ____     ____   &#10; /    \   /    \  &#10;/ /  \ \ / /  \ \ &#10;\ \__/ / \ \__/ / &#10; \____/   \____/  )" classname="Test" time="0.0"/>
  <testcase name="[13]   ____   &#10; /    \&#10;/ /  \ \&#10;\ \__/ /&#10; \____/, Filter(width=1, height=2, result=  ____   &#10; /    \  &#10;/ /  \ \ &#10;\ \__/ / &#10; \____/  &#10; /    \  &#10;/ /  \ \ &#10;\ \__/ / &#10; \____/  )" classname="Test" time="0.001"/>
  <testcase name="[14]   ____   &#10; /    \&#10;/ /  \ \&#10;\ \__/ /&#10; \____/, Filter(width=5, height=7, result=  ____     ____     ____     ____     ____   &#10; /    \   /    \   /    \   /    \   /    \  &#10;/ /  \ \ / /  \ \ / /  \ \ / /  \ \ / /  \ \ &#10;\ \__/ / \ \__/ / \ \__/ / \ \__/ / \ \__/ / &#10; \____/   \____/   \____/   \____/   \____/  &#10; /    \   /    \   /    \   /    \   /    \  &#10;/ /  \ \ / /  \ \ / /  \ \ / /  \ \ / /  \ \ &#10;\ \__/ / \ \__/ / \ \__/ / \ \__/ / \ \__/ / &#10; \____/   \____/   \____/   \____/   \____/  &#10; /    \   /    \   /    \   /    \   /    \  &#10;/ /  \ \ / /  \ \ …" classname="Test" time="0.0"/>
  <testcase name="[15]   ____   &#10; /    \&#10;/ /  \ \&#10;\ \__/ /&#10; \____/, Filter(width=6, height=8, result=  ____     ____     ____     ____     ____     ____   &#10; /    \   /    \   /    \   /    \   /    \   /    \  &#10;/ /  \ \ / /  \ \ / /  \ \ / /  \ \ / /  \ \ / /  \ \ &#10;\ \__/ / \ \__/ / \ \__/ / \ \__/ / \ \__/ / \ \__/ / &#10; \____/   \____/   \____/   \____/   \____/   \____/  &#10; /    \   /    \   /    \   /    \   /    \   /    \  &#10;/ /  \ \ / /  \ \ / /  \ \ / /  \ \ / /  \ \ / /  \ \ &#10;\ \__/ / \ \__/ / \ \__/ / \ \__/ / \ \__/ / \ \__/ / &#10; \____/   \____/   \____/   \____/   \…" classname="Test" time="0.0"/>
  <testcase name="[16] +---+---+&#10;| o   o |&#10;|   ^   |&#10;|  ---  |&#10;+---+---+, Filter(width=1, height=1, result=+---+---+&#10;| o   o |&#10;|   ^   |&#10;|  ---  |&#10;+---+---+)" classname="Test" time="0.0"/>
  <testcase name="[17] +---+---+&#10;| o   o |&#10;|   ^   |&#10;|  ---  |&#10;+---+---+, Filter(width=2, height=1, result=+---+---++---+---+&#10;| o   o || o   o |&#10;|   ^   ||   ^   |&#10;|  ---  ||  ---  |&#10;+---+---++---+---+)" classname="Test" time="0.001"/>
  <testcase name="[18] +---+---+&#10;| o   o |&#10;|   ^   |&#10;|  ---  |&#10;+---+---+, Filter(width=1, height=2, result=+---+---+&#10;| o   o |&#10;|   ^   |&#10;|  ---  |&#10;+---+---+&#10;| o   o |&#10;|   ^   |&#10;|  ---  |&#10;+---+---+)" classname="Test" time="0.0"/>
  <testcase name="[19] +---+---+&#10;| o   o |&#10;|   ^   |&#10;|  ---  |&#10;+---+---+, Filter(width=5, height=7, result=+---+---++---+---++---+---++---+---++---+---+&#10;| o   o || o   o || o   o || o   o || o   o |&#10;|   ^   ||   ^   ||   ^   ||   ^   ||   ^   |&#10;|  ---  ||  ---  ||  ---  ||  ---  ||  ---  |&#10;+---+---++---+---++---+---++---+---++---+---+&#10;| o   o || o   o || o   o || o   o || o   o |&#10;|   ^   ||   ^   ||   ^   ||   ^   ||   ^   |&#10;|  ---  ||  ---  ||  ---  ||  ---  ||  ---  |&#10;+---+---++---+---++---+---++---+---++---+---+&#10;| o   o || o   o || o   o || o   o || o   o |&#10;|   ^   ||   ^   |…" classname="Test" time="0.001"/>
  <testcase name="[20] +---+---+&#10;| o   o |&#10;|   ^   |&#10;|  ---  |&#10;+---+---+, Filter(width=6, height=8, result=+---+---++---+---++---+---++---+---++---+---++---+---+&#10;| o   o || o   o || o   o || o   o || o   o || o   o |&#10;|   ^   ||   ^   ||   ^   ||   ^   ||   ^   ||   ^   |&#10;|  ---  ||  ---  ||  ---  ||  ---  ||  ---  ||  ---  |&#10;+---+---++---+---++---+---++---+---++---+---++---+---+&#10;| o   o || o   o || o   o || o   o || o   o || o   o |&#10;|   ^   ||   ^   ||   ^   ||   ^   ||   ^   ||   ^   |&#10;|  ---  ||  ---  ||  ---  ||  ---  ||  ---  ||  ---  |&#10;+---+---++---+---++---+---++---+---++-…" classname="Test" time="0.001"/>
  <testcase name="[21]    .+------+&#10; .' |    .'|&#10;+---+--+'  |&#10;|   |  |   |&#10;|  ,+--+---+&#10;|.'    | .' &#10;+------+', Filter(width=1, height=1, result=   .+------+&#10; .' |    .'|&#10;+---+--+'  |&#10;|   |  |   |&#10;|  ,+--+---+&#10;|.'    | .' &#10;+------+'   )" classname="Test" time="0.0"/>
  <testcase name="[22]    .+------+&#10; .' |    .'|&#10;+---+--+'  |&#10;|   |  |   |&#10;|  ,+--+---+&#10;|.'    | .' &#10;+------+', Filter(width=2, height=1, result=   .+------+   .+------+&#10; .' |    .'| .' |    .'|&#10;+---+--+'  |+---+--+'  |&#10;|   |  |   ||   |  |   |&#10;|  ,+--+---+|  ,+--+---+&#10;|.'    | .' |.'    | .' &#10;+------+'   +------+'   )" classname="Test" time="0.001"/>
  <testcase name="[23]    .+------+&#10; .' |    .'|&#10;+---+--+'  |&#10;|   |  |   |&#10;|  ,+--+---+&#10;|.'    | .' &#10;+------+', Filter(width=1, height=2, result=   .+------+&#10; .' |    .'|&#10;+---+--+'  |&#10;|   |  |   |&#10;|  ,+--+---+&#10;|.'    | .' &#10;+------+'   &#10; .' |    .'|&#10;+---+--+'  |&#10;|   |  |   |&#10;|  ,+--+---+&#10;|.'    | .' &#10;+------+'   )" classname="Test" time="0.0"/>
  <testcase name="[24]    .+------+&#10; .' |    .'|&#10;+---+--+'  |&#10;|   |  |   |&#10;|  ,+--+---+&#10;|.'    | .' &#10;+------+', Filter(width=5, height=7, result=   .+------+   .+------+   .+------+   .+------+   .+------+&#10; .' |    .'| .' |    .'| .' |    .'| .' |    .'| .' |    .'|&#10;+---+--+'  |+---+--+'  |+---+--+'  |+---+--+'  |+---+--+'  |&#10;|   |  |   ||   |  |   ||   |  |   ||   |  |   ||   |  |   |&#10;|  ,+--+---+|  ,+--+---+|  ,+--+---+|  ,+--+---+|  ,+--+---+&#10;|.'    | .' |.'    | .' |.'    | .' |.'    | .' |.'    | .' &#10;+------+'   +------+'   +------+'   +------+'   +------+'   &#10; .' |    .'| .' |    .'| .' |    .'| .' |    .'| .'…" classname="Test" time="0.001"/>
  <testcase name="[25]    .+------+&#10; .' |    .'|&#10;+---+--+'  |&#10;|   |  |   |&#10;|  ,+--+---+&#10;|.'    | .' &#10;+------+', Filter(width=6, height=8, result=   .+------+   .+------+   .+------+   .+------+   .+------+   .+------+&#10; .' |    .'| .' |    .'| .' |    .'| .' |    .'| .' |    .'| .' |    .'|&#10;+---+--+'  |+---+--+'  |+---+--+'  |+---+--+'  |+---+--+'  |+---+--+'  |&#10;|   |  |   ||   |  |   ||   |  |   ||   |  |   ||   |  |   ||   |  |   |&#10;|  ,+--+---+|  ,+--+---+|  ,+--+---+|  ,+--+---+|  ,+--+---+|  ,+--+---+&#10;|.'    | .' |.'    | .' |.'    | .' |.'    | .' |.'    | .' |.'    | .' &#10;+------+'   +------+'   +------+'   +---…" classname="Test" time="0.001"/>
  <testcase name="[1] canvas, ○, Filter(width=1, height=1, result=○)" classname="Test" time="0.002"/>
  <testcase name="[2] canvas, ○, Filter(width=2, height=1, result=○○)" classname="Test" time="0.001"/>
  <testcase name="[3] canvas, ○, Filter(width=1, height=2, result=○&#10;○)" classname="Test" time="0.0"/>
  <testcase name="[4] canvas, ○, Filter(width=5, height=7, result=○○○○○&#10;○○○○○&#10;○○○○○&#10;○○○○○&#10;○○○○○&#10;○○○○○&#10;○○○○○)" classname="Test" time="0.001"/>
  <testcase name="[5] canvas, ○, Filter(width=6, height=8, result=○○○○○○&#10;○○○○○○&#10;○○○○○○&#10;○○○○○○&#10;○○○○○○&#10;○○○○○○&#10;○○○○○○&#10;○○○○○○)" classname="Test" time="0.0"/>
  <testcase name="[6] canvas,  X&#10;/ \&#10;\ /&#10; X, Filter(width=1, height=1, result= X &#10;/ \&#10;\ /&#10; X )" classname="Test" time="0.001"/>
  <testcase name="[7] canvas,  X&#10;/ \&#10;\ /&#10; X, Filter(width=2, height=1, result= X  X &#10;/ \/ \&#10;\ /\ /&#10; X  X )" classname="Test" time="0.0"/>
  <testcase name="[8] canvas,  X&#10;/ \&#10;\ /&#10; X, Filter(width=1, height=2, result= X &#10;/ \&#10;\ /&#10; X &#10;/ \&#10;\ /&#10; X )" classname="Test" time="0.001"/>
  <testcase name="[9] canvas,  X&#10;/ \&#10;\ /&#10; X, Filter(width=5, height=7, result= X  X  X  X  X &#10;/ \/ \/ \/ \/ \&#10;\ /\ /\ /\ /\ /&#10; X  X  X  X  X &#10;/ \/ \/ \/ \/ \&#10;\ /\ /\ /\ /\ /&#10; X  X  X  X  X &#10;/ \/ \/ \/ \/ \&#10;\ /\ /\ /\ /\ /&#10; X  X  X  X  X &#10;/ \/ \/ \/ \/ \&#10;\ /\ /\ /\ /\ /&#10; X  X  X  X  X &#10;/ \/ \/ \/ \/ \&#10;\ /\ /\ /\ /\ /&#10; X  X  X  X  X &#10;/ \/ \/ \/ \/ \&#10;\ /\ /\ /\ /\ /&#10; X  X  X  X  X &#10;/ \/ \/ \/ \/ \&#10;\ /\ /\ /\ /\ /&#10; X  X  X  X  X )" classname="Test" time="0.0"/>
  <testcase name="[10] canvas,  X&#10;/ \&#10;\ /&#10; X, Filter(width=6, height=8, result= X  X  X  X  X  X &#10;/ \/ \/ \/ \/ \/ \&#10;\ /\ /\ /\ /\ /\ /&#10; X  X  X  X  X  X &#10;/ \/ \/ \/ \/ \/ \&#10;\ /\ /\ /\ /\ /\ /&#10; X  X  X  X  X  X &#10;/ \/ \/ \/ \/ \/ \&#10;\ /\ /\ /\ /\ /\ /&#10; X  X  X  X  X  X &#10;/ \/ \/ \/ \/ \/ \&#10;\ /\ /\ /\ /\ /\ /&#10; X  X  X  X  X  X &#10;/ \/ \/ \/ \/ \/ \&#10;\ /\ /\ /\ /\ /\ /&#10; X  X  X  X  X  X &#10;/ \/ \/ \/ \/ \/ \&#10;\ /\ /\ /\ /\ /\ /&#10; X  X  X  X  X  X &#10;/ \/ \/ \/ \/ \/ \&#10;\ /\ /\ /\ /\ /\ /&#10; X  X  X  X  X  X &#10;/ \/ \/ \/ \/ \/ \&#10;\ /\ /\ /\ /\ /\ /&#10; X  X  X  X  X  X )" classname="Test" time="0.001"/>
  <testcase name="[11] canvas,   ____   &#10; /    \&#10;/ /  \ \&#10;\ \__/ /&#10; \____/, Filter(width=1, height=1, result=  ____   &#10; /    \  &#10;/ /  \ \ &#10;\ \__/ / &#10; \____/  )" classname="Test" time="0.0"/>
  <testcase name="[12] canvas,   ____   &#10; /    \&#10;/ /  \ \&#10;\ \__/ /&#10; \____/, Filter(width=2, height=1, result=  ____     ____   &#10; /    \   /    \  &#10;/ /  \ \ / /  \ \ &#10;\ \__/ / \ \__/ / &#10; \____/   \____/  )" classname="Test" time="0.001"/>
  <testcase name="[13] canvas,   ____   &#10; /    \&#10;/ /  \ \&#10;\ \__/ /&#10; \____/, Filter(width=1, height=2, result=  ____   &#10; /    \  &#10;/ /  \ \ &#10;\ \__/ / &#10; \____/  &#10; /    \  &#10;/ /  \ \ &#10;\ \__/ / &#10; \____/  )" classname="Test" time="0.0"/>
  <testcase name="[14] canvas,   ____   &#10; /    \&#10;/ /  \ \&#10;\ \__/ /&#10; \____/, Filter(width=5, height=7, result=  ____     ____     ____     ____     ____   &#10; /    \   /    \   /    \   /    \   /    \  &#10;/ /  \ \ / /  \ \ / /  \ \ / /  \ \ / /  \ \ &#10;\ \__/ / \ \__/ / \ \__/ / \ \__/ / \ \__/ / &#10; \____/   \____/   \____/   \____/   \____/  &#10; /    \   /    \   /    \   /    \   /    \  &#10;/ /  \ \ / /  \ \ / /  \ \ / /  \ \ / /  \ \ &#10;\ \__/ / \ \__/ / \ \__/ / \ \__/ / \ \__/ / &#10; \____/   \____/   \____/   \____/   \____/  &#10; /    \   /    \   /    \   /    \   /    \  &#10;/ /  \ \ / /  \ \ …" classname="Test" time="0.001"/>
  <testcase name="[15] canvas,   ____   &#10; /    \&#10;/ /  \ \&#10;\ \__/ /&#10; \____/, Filter(width=6, height=8, result=  ____     ____     ____     ____     ____     ____   &#10; /    \   /    \   /    \   /    \   /    \   /    \  &#10;/ /  \ \ / /  \ \ / /  \ \ / /  \ \ / /  \ \ / /  \ \ &#10;\ \__/ / \ \__/ / \ \__/ / \ \__/ / \ \__/ / \ \__/ / &#10; \____/   \____/   \____/   \____/   \____/   \____/  &#10; /    \   /    \   /    \   /    \   /    \   /    \  &#10;/ /  \ \ / /  \ \ / /  \ \ / /  \ \ / /  \ \ / /  \ \ &#10;\ \__/ / \ \__/ / \ \__/ / \ \__/ / \ \__/ / \ \__/ / &#10; \____/   \____/   \____/   \____/   \…" classname="Test" time="0.0"/>
  <testcase name="[16] canvas, +---+---+&#10;| o   o |&#10;|   ^   |&#10;|  ---  |&#10;+---+---+, Filter(width=1, height=1, result=+---+---+&#10;| o   o |&#10;|   ^   |&#10;|  ---  |&#10;+---+---+)" classname="Test" time="0.001"/>
  <testcase name="[17] canvas, +---+---+&#10;| o   o |&#10;|   ^   |&#10;|  ---  |&#10;+---+---+, Filter(width=2, height=1, result=+---+---++---+---+&#10;| o   o || o   o |&#10;|   ^   ||   ^   |&#10;|  ---  ||  ---  |&#10;+---+---++---+---+)" classname="Test" time="0.0"/>
  <testcase name="[18] canvas, +---+---+&#10;| o   o |&#10;|   ^   |&#10;|  ---  |&#10;+---+---+, Filter(width=1, height=2, result=+---+---+&#10;| o   o |&#10;|   ^   |&#10;|  ---  |&#10;+---+---+&#10;| o   o |&#10;|   ^   |&#10;|  ---  |&#10;+---+---+)" classname="Test" time="0.001"/>
  <testcase name="[19] canvas, +---+---+&#10;| o   o |&#10;|   ^   |&#10;|  ---  |&#10;+---+---+, Filter(width=5, height=7, result=+---+---++---+---++---+---++---+---++---+---+&#10;| o   o || o   o || o   o || o   o || o   o |&#10;|   ^   ||   ^   ||   ^   ||   ^   ||   ^   |&#10;|  ---  ||  ---  ||  ---  ||  ---  ||  ---  |&#10;+---+---++---+---++---+---++---+---++---+---+&#10;| o   o || o   o || o   o || o   o || o   o |&#10;|   ^   ||   ^   ||   ^   ||   ^   ||   ^   |&#10;|  ---  ||  ---  ||  ---  ||  ---  ||  ---  |&#10;+---+---++---+---++---+---++---+---++---+---+&#10;| o   o || o   o || o   o || o   o || o   o |&#10;|   ^   ||   ^   |…" classname="Test" time="0.0"/>
  <testcase name="[20] canvas, +---+---+&#10;| o   o |&#10;|   ^   |&#10;|  ---  |&#10;+---+---+, Filter(width=6, height=8, result=+---+---++---+---++---+---++---+---++---+---++---+---+&#10;| o   o || o   o || o   o || o   o || o   o || o   o |&#10;|   ^   ||   ^   ||   ^   ||   ^   ||   ^   ||   ^   |&#10;|  ---  ||  ---  ||  ---  ||  ---  ||  ---  ||  ---  |&#10;+---+---++---+---++---+---++---+---++---+---++---+---+&#10;| o   o || o   o || o   o || o   o || o   o || o   o |&#10;|   ^   ||   ^   ||   ^   ||   ^   ||   ^   ||   ^   |&#10;|  ---  ||  ---  ||  ---  ||  ---  ||  ---  ||  ---  |&#10;+---+---++---+---++---+---++---+---++-…" classname="Test" time="0.0"/>
  <testcase name="[21] canvas,    .+------+&#10; .' |    .'|&#10;+---+--+'  |&#10;|   |  |   |&#10;|  ,+--+---+&#10;|.'    | .' &#10;+------+', Filter(width=1, height=1, result=   .+------+&#10; .' |    .'|&#10;+---+--+'  |&#10;|   |  |   |&#10;|  ,+--+---+&#10;|.'    | .' &#10;+------+'   )" classname="Test" time="0.001"/>
  <testcase name="[22] canvas,    .+------+&#10; .' |    .'|&#10;+---+--+'  |&#10;|   |  |   |&#10;|  ,+--+---+&#10;|.'    | .' &#10;+------+', Filter(width=2, height=1, result=   .+------+   .+------+&#10; .' |    .'| .' |    .'|&#10;+---+--+'  |+---+--+'  |&#10;|   |  |   ||   |  |   |&#10;|  ,+--+---+|  ,+--+---+&#10;|.'    | .' |.'    | .' &#10;+------+'   +------+'   )" classname="Test" time="0.0"/>
  <testcase name="[23] canvas,    .+------+&#10; .' |    .'|&#10;+---+--+'  |&#10;|   |  |   |&#10;|  ,+--+---+&#10;|.'    | .' &#10;+------+', Filter(width=1, height=2, result=   .+------+&#10; .' |    .'|&#10;+---+--+'  |&#10;|   |  |   |&#10;|  ,+--+---+&#10;|.'    | .' &#10;+------+'   &#10; .' |    .'|&#10;+---+--+'  |&#10;|   |  |   |&#10;|  ,+--+---+&#10;|.'    | .' &#10;+------+'   )" classname="Test" time="0.001"/>
  <testcase name="[24] canvas,    .+------+&#10; .' |    .'|&#10;+---+--+'  |&#10;|   |  |   |&#10;|  ,+--+---+&#10;|.'    | .' &#10;+------+', Filter(width=5, height=7, result=   .+------+   .+------+   .+------+   .+------+   .+------+&#10; .' |    .'| .' |    .'| .' |    .'| .' |    .'| .' |    .'|&#10;+---+--+'  |+---+--+'  |+---+--+'  |+---+--+'  |+---+--+'  |&#10;|   |  |   ||   |  |   ||   |  |   ||   |  |   ||   |  |   |&#10;|  ,+--+---+|  ,+--+---+|  ,+--+---+|  ,+--+---+|  ,+--+---+&#10;|.'    | .' |.'    | .' |.'    | .' |.'    | .' |.'    | .' &#10;+------+'   +------+'   +------+'   +------+'   +------+'   &#10; .' |    .'| .' |    .'| .' |    .'| .' |    .'| .'…" classname="Test" time="0.0"/>
  <testcase name="[25] canvas,    .+------+&#10; .' |    .'|&#10;+---+--+'  |&#10;|   |  |   |&#10;|  ,+--+---+&#10;|.'    | .' &#10;+------+', Filter(width=6, height=8, result=   .+------+   .+------+   .+------+   .+------+   .+------+   .+------+&#10; .' |    .'| .' |    .'| .' |    .'| .' |    .'| .' |    .'| .' |    .'|&#10;+---+--+'  |+---+--+'  |+---+--+'  |+---+--+'  |+---+--+'  |+---+--+'  |&#10;|   |  |   ||   |  |   ||   |  |   ||   |  |   ||   |  |   ||   |  |   |&#10;|  ,+--+---+|  ,+--+---+|  ,+--+---+|  ,+--+---+|  ,+--+---+|  ,+--+---+&#10;|.'    | .' |.'    | .' |.'    | .' |.'    | .' |.'    | .' |.'    | .' &#10;+------+'   +------+'   +------+'   +---…" classname="Test" time="0.001"/>
  <testcase name="[26] canvasGaps, ○, Filter(width=1, height=1, result=○)" classname="Test" time="0.001"/>
  <testcase name="[27] canvasGaps, ○, Filter(width=2, height=1, result=○ )" classname="Test" time="0.0"/>
  <testcase name="[28] canvasGaps, ○, Filter(width=1, height=2, result=○&#10;○)" classname="Test" time="0.001"/>
  <testcase name="[29] canvasGaps, ○, Filter(width=5, height=7, result=○ ○ ○&#10; ○ ○ &#10;○ ○ ○&#10; ○ ○ &#10;○ ○ ○&#10; ○ ○ &#10;○ ○ ○)" classname="Test" time="0.0"/>
  <testcase name="[30] canvasGaps, ○, Filter(width=6, height=8, result=○ ○ ○ &#10; ○ ○ ○&#10;○ ○ ○ &#10; ○ ○ ○&#10;○ ○ ○ &#10; ○ ○ ○&#10;○ ○ ○ &#10; ○ ○ ○)" classname="Test" time="0.0"/>
  <testcase name="[31] canvasGaps,  X&#10;/ \&#10;\ /&#10; X, Filter(width=1, height=1, result= X &#10;/ \&#10;\ /&#10; X )" classname="Test" time="0.0"/>
  <testcase name="[32] canvasGaps,  X&#10;/ \&#10;\ /&#10; X, Filter(width=2, height=1, result= X    &#10;/ \   &#10;\ /   &#10; X    )" classname="Test" time="0.0"/>
  <testcase name="[33] canvasGaps,  X&#10;/ \&#10;\ /&#10; X, Filter(width=1, height=2, result= X &#10;/ \&#10;\ /&#10; X &#10; X &#10;/ \&#10;\ /&#10; X )" classname="Test" time="0.0"/>
  <testcase name="[34] canvasGaps,  X&#10;/ \&#10;\ /&#10; X, Filter(width=5, height=7, result= X     X     X &#10;/ \   / \   / \&#10;\ /   \ /   \ /&#10; X     X     X &#10;    X     X    &#10;   / \   / \   &#10;   \ /   \ /   &#10;    X     X    &#10; X     X     X &#10;/ \   / \   / \&#10;\ /   \ /   \ /&#10; X     X     X &#10;    X     X    &#10;   / \   / \   &#10;   \ /   \ /   &#10;    X     X    &#10; X     X     X &#10;/ \   / \   / \&#10;\ /   \ /   \ /&#10; X     X     X &#10;    X     X    &#10;   / \   / \   &#10;   \ /   \ /   &#10;    X     X    &#10; X     X     X &#10;/ \   / \   / \&#10;\ /   \ /   \ /&#10; X     X     X )" classname="Test" time="0.0"/>
  <testcase name="[35] canvasGaps,  X&#10;/ \&#10;\ /&#10; X, Filter(width=6, height=8, result= X     X     X    &#10;/ \   / \   / \   &#10;\ /   \ /   \ /   &#10; X     X     X    &#10;    X     X     X &#10;   / \   / \   / \&#10;   \ /   \ /   \ /&#10;    X     X     X &#10; X     X     X    &#10;/ \   / \   / \   &#10;\ /   \ /   \ /   &#10; X     X     X    &#10;    X     X     X &#10;   / \   / \   / \&#10;   \ /   \ /   \ /&#10;    X     X     X &#10; X     X     X    &#10;/ \   / \   / \   &#10;\ /   \ /   \ /   &#10; X     X     X    &#10;    X     X     X &#10;   / \   / \   / \&#10;   \ /   \ /   \ /&#10;    X     X     X &#10; X     X     X    &#10;/ \…" classname="Test" time="0.001"/>
  <testcase name="[36] canvasGaps,   ____   &#10; /    \&#10;/ /  \ \&#10;\ \__/ /&#10; \____/, Filter(width=1, height=1, result=  ____   &#10; /    \  &#10;/ /  \ \ &#10;\ \__/ / &#10; \____/  )" classname="Test" time="0.0"/>
  <testcase name="[37] canvasGaps,   ____   &#10; /    \&#10;/ /  \ \&#10;\ \__/ /&#10; \____/, Filter(width=2, height=1, result=  ____            &#10; /    \           &#10;/ /  \ \          &#10;\ \__/ /          &#10; \____/           )" classname="Test" time="0.0"/>
  <testcase name="[38] canvasGaps,   ____   &#10; /    \&#10;/ /  \ \&#10;\ \__/ /&#10; \____/, Filter(width=1, height=2, result=  ____   &#10; /    \  &#10;/ /  \ \ &#10;\ \__/ / &#10; \____/  &#10;  ____   &#10; /    \  &#10;/ /  \ \ &#10;\ \__/ / &#10; \____/  )" classname="Test" time="0.0"/>
  <testcase name="[39] canvasGaps,   ____   &#10; /    \&#10;/ /  \ \&#10;\ \__/ /&#10; \____/, Filter(width=5, height=7, result=  ____              ____              ____   &#10; /    \            /    \            /    \  &#10;/ /  \ \          / /  \ \          / /  \ \ &#10;\ \__/ /          \ \__/ /          \ \__/ / &#10; \____/            \____/            \____/  &#10;           ____              ____            &#10;          /    \            /    \           &#10;         / /  \ \          / /  \ \          &#10;         \ \__/ /          \ \__/ /          &#10;          \____/            \____/           &#10;  ____            …" classname="Test" time="0.0"/>
  <testcase name="[40] canvasGaps,   ____   &#10; /    \&#10;/ /  \ \&#10;\ \__/ /&#10; \____/, Filter(width=6, height=8, result=  ____              ____              ____            &#10; /    \            /    \            /    \           &#10;/ /  \ \          / /  \ \          / /  \ \          &#10;\ \__/ /          \ \__/ /          \ \__/ /          &#10; \____/            \____/            \____/           &#10;           ____              ____              ____   &#10;          /    \            /    \            /    \  &#10;         / /  \ \          / /  \ \          / /  \ \ &#10;         \ \__/ /          \ \__/ /   …" classname="Test" time="0.001"/>
  <testcase name="[41] canvasGaps, +---+---+&#10;| o   o |&#10;|   ^   |&#10;|  ---  |&#10;+---+---+, Filter(width=1, height=1, result=+---+---+&#10;| o   o |&#10;|   ^   |&#10;|  ---  |&#10;+---+---+)" classname="Test" time="0.0"/>
  <testcase name="[42] canvasGaps, +---+---+&#10;| o   o |&#10;|   ^   |&#10;|  ---  |&#10;+---+---+, Filter(width=2, height=1, result=+---+---+         &#10;| o   o |         &#10;|   ^   |         &#10;|  ---  |         &#10;+---+---+         )" classname="Test" time="0.0"/>
  <testcase name="[43] canvasGaps, +---+---+&#10;| o   o |&#10;|   ^   |&#10;|  ---  |&#10;+---+---+, Filter(width=1, height=2, result=+---+---+&#10;| o   o |&#10;|   ^   |&#10;|  ---  |&#10;+---+---+&#10;+---+---+&#10;| o   o |&#10;|   ^   |&#10;|  ---  |&#10;+---+---+)" classname="Test" time="0.0"/>
  <testcase name="[44] canvasGaps, +---+---+&#10;| o   o |&#10;|   ^   |&#10;|  ---  |&#10;+---+---+, Filter(width=5, height=7, result=+---+---+         +---+---+         +---+---+&#10;| o   o |         | o   o |         | o   o |&#10;|   ^   |         |   ^   |         |   ^   |&#10;|  ---  |         |  ---  |         |  ---  |&#10;+---+---+         +---+---+         +---+---+&#10;         +---+---+         +---+---+         &#10;         | o   o |         | o   o |         &#10;         |   ^   |         |   ^   |         &#10;         |  ---  |         |  ---  |         &#10;         +---+---+         +---+---+         &#10;+---+---+         …" classname="Test" time="0.001"/>
  <testcase name="[45] canvasGaps, +---+---+&#10;| o   o |&#10;|   ^   |&#10;|  ---  |&#10;+---+---+, Filter(width=6, height=8, result=+---+---+         +---+---+         +---+---+         &#10;| o   o |         | o   o |         | o   o |         &#10;|   ^   |         |   ^   |         |   ^   |         &#10;|  ---  |         |  ---  |         |  ---  |         &#10;+---+---+         +---+---+         +---+---+         &#10;         +---+---+         +---+---+         +---+---+&#10;         | o   o |         | o   o |         | o   o |&#10;         |   ^   |         |   ^   |         |   ^   |&#10;         |  ---  |         |  ---  |  …" classname="Test" time="0.0"/>
  <testcase name="[46] canvasGaps,    .+------+&#10; .' |    .'|&#10;+---+--+'  |&#10;|   |  |   |&#10;|  ,+--+---+&#10;|.'    | .' &#10;+------+', Filter(width=1, height=1, result=   .+------+&#10; .' |    .'|&#10;+---+--+'  |&#10;|   |  |   |&#10;|  ,+--+---+&#10;|.'    | .' &#10;+------+'   )" classname="Test" time="0.0"/>
  <testcase name="[47] canvasGaps,    .+------+&#10; .' |    .'|&#10;+---+--+'  |&#10;|   |  |   |&#10;|  ,+--+---+&#10;|.'    | .' &#10;+------+', Filter(width=2, height=1, result=   .+------+            &#10; .' |    .'|            &#10;+---+--+'  |            &#10;|   |  |   |            &#10;|  ,+--+---+            &#10;|.'    | .'             &#10;+------+'               )" classname="Test" time="0.0"/>
  <testcase name="[48] canvasGaps,    .+------+&#10; .' |    .'|&#10;+---+--+'  |&#10;|   |  |   |&#10;|  ,+--+---+&#10;|.'    | .' &#10;+------+', Filter(width=1, height=2, result=   .+------+&#10; .' |    .'|&#10;+---+--+'  |&#10;|   |  |   |&#10;|  ,+--+---+&#10;|.'    | .' &#10;+------+'   &#10;   .+------+&#10; .' |    .'|&#10;+---+--+'  |&#10;|   |  |   |&#10;|  ,+--+---+&#10;|.'    | .' &#10;+------+'   )" classname="Test" time="0.0"/>
  <testcase name="[49] canvasGaps,    .+------+&#10; .' |    .'|&#10;+---+--+'  |&#10;|   |  |   |&#10;|  ,+--+---+&#10;|.'    | .' &#10;+------+', Filter(width=5, height=7, result=   .+------+               .+------+               .+------+&#10; .' |    .'|             .' |    .'|             .' |    .'|&#10;+---+--+'  |            +---+--+'  |            +---+--+'  |&#10;|   |  |   |            |   |  |   |            |   |  |   |&#10;|  ,+--+---+            |  ,+--+---+            |  ,+--+---+&#10;|.'    | .'             |.'    | .'             |.'    | .' &#10;+------+'               +------+'               +------+'   &#10;               .+------+               .+------+   …" classname="Test" time="0.0"/>
  <testcase name="[50] canvasGaps,    .+------+&#10; .' |    .'|&#10;+---+--+'  |&#10;|   |  |   |&#10;|  ,+--+---+&#10;|.'    | .' &#10;+------+', Filter(width=6, height=8, result=   .+------+               .+------+               .+------+            &#10; .' |    .'|             .' |    .'|             .' |    .'|            &#10;+---+--+'  |            +---+--+'  |            +---+--+'  |            &#10;|   |  |   |            |   |  |   |            |   |  |   |            &#10;|  ,+--+---+            |  ,+--+---+            |  ,+--+---+            &#10;|.'    | .'             |.'    | .'             |.'    | .'             &#10;+------+'               +------+'       …" classname="Test" time="0.0"/>
  <testcase name="[1] yes&#10;cube&#10;canvas&#10;5&#10;7&#10;,    .+------+   .+------+   .+------+   .+------+   .+------+&#10; .' |    .'| .' |    .'| .' |    .'| .' |    .'| .' |    .'|&#10;+---+--+'  |+---+--+'  |+---+--+'  |+---+--+'  |+---+--+'  |&#10;|   |  |   ||   |  |   ||   |  |   ||   |  |   ||   |  |   |&#10;|  ,+--+---+|  ,+--+---+|  ,+--+---+|  ,+--+---+|  ,+--+---+&#10;|.'    | .' |.'    | .' |.'    | .' |.'    | .' |.'    | .' &#10;+------+'   +------+'   +------+'   +------+'   +------+'   &#10; .' |    .'| .' |    .'| .' |    .'| .' |    .'| .' |    .'|&#10;+---+--+'  |+---+--+'  …" classname="Test" time="0.0"/>
  <testcase name="[2] yes&#10;cube&#10;canvasGaps&#10;5&#10;7&#10;,    .+------+               .+------+               .+------+&#10; .' |    .'|             .' |    .'|             .' |    .'|&#10;+---+--+'  |            +---+--+'  |            +---+--+'  |&#10;|   |  |   |            |   |  |   |            |   |  |   |&#10;|  ,+--+---+            |  ,+--+---+            |  ,+--+---+&#10;|.'    | .'             |.'    | .'             |.'    | .' &#10;+------+'               +------+'               +------+'   &#10;               .+------+               .+------+            &#10;             .' |    .'…" classname="Test" time="0.0"/>
  <testcase name="[3] no&#10;^_^&#10;canvas&#10;5&#10;7&#10;, &#10;            ^_^^_^^_^^_^^_^&#10;            ^_^^_^^_^^_^^_^&#10;            ^_^^_^^_^^_^^_^&#10;            ^_^^_^^_^^_^^_^&#10;            ^_^^_^^_^^_^^_^&#10;            ^_^^_^^_^^_^^_^&#10;            ^_^^_^^_^^_^^_^&#10;        " classname="Test" time="0.001"/>
  <testcase name="[4] no&#10;^_^&#10;canvasGaps&#10;5&#10;7&#10;, &#10;            ^_^   ^_^   ^_^&#10;               ^_^   ^_^   &#10;            ^_^   ^_^   ^_^&#10;               ^_^   ^_^   &#10;            ^_^   ^_^   ^_^&#10;               ^_^   ^_^   &#10;            ^_^   ^_^   ^_^&#10;        " classname="Test" time="0.0"/>
  <testcase name="dropTopLineFunction()" classname="Test" time="0.006"/>
  <testcase name="applyGeneratorFunction()" classname="Test" time="0.0"/>
  <testcase name="[1] ○, Filter(width=1, height=1, result=○)" classname="Test" time="0.001"/>
  <testcase name="[2] ○, Filter(width=2, height=1, result=○ )" classname="Test" time="0.0"/>
  <testcase name="[3] ○, Filter(width=1, height=2, result=○&#10;○)" classname="Test" time="0.0"/>
  <testcase name="[4] ○, Filter(width=5, height=7, result=○ ○ ○&#10; ○ ○ &#10;○ ○ ○&#10; ○ ○ &#10;○ ○ ○&#10; ○ ○ &#10;○ ○ ○)" classname="Test" time="0.0"/>
  <testcase name="[5] ○, Filter(width=6, height=8, result=○ ○ ○ &#10; ○ ○ ○&#10;○ ○ ○ &#10; ○ ○ ○&#10;○ ○ ○ &#10; ○ ○ ○&#10;○ ○ ○ &#10; ○ ○ ○)" classname="Test" time="0.0"/>
  <testcase name="[6]  X&#10;/ \&#10;\ /&#10; X, Filter(width=1, height=1, result= X &#10;/ \&#10;\ /&#10; X )" classname="Test" time="0.001"/>
  <testcase name="[7]  X&#10;/ \&#10;\ /&#10; X, Filter(width=2, height=1, result= X    &#10;/ \   &#10;\ /   &#10; X    )" classname="Test" time="0.0"/>
  <testcase name="[8]  X&#10;/ \&#10;\ /&#10; X, Filter(width=1, height=2, result= X &#10;/ \&#10;\ /&#10; X &#10; X &#10;/ \&#10;\ /&#10; X )" classname="Test" time="0.0"/>
  <testcase name="[9]  X&#10;/ \&#10;\ /&#10; X, Filter(width=5, height=7, result= X     X     X &#10;/ \   / \   / \&#10;\ /   \ /   \ /&#10; X     X     X &#10;    X     X    &#10;   / \   / \   &#10;   \ /   \ /   &#10;    X     X    &#10; X     X     X &#10;/ \   / \   / \&#10;\ /   \ /   \ /&#10; X     X     X &#10;    X     X    &#10;   / \   / \   &#10;   \ /   \ /   &#10;    X     X    &#10; X     X     X &#10;/ \   / \   / \&#10;\ /   \ /   \ /&#10; X     X     X &#10;    X     X    &#10;   / \   / \   &#10;   \ /   \ /   &#10;    X     X    &#10; X     X     X &#10;/ \   / \   / \&#10;\ /   \ /   \ /&#10; X     X     X )" classname="Test" time="0.001"/>
  <testcase name="[10]  X&#10;/ \&#10;\ /&#10; X, Filter(width=6, height=8, result= X     X     X    &#10;/ \   / \   / \   &#10;\ /   \ /   \ /   &#10; X     X     X    &#10;    X     X     X &#10;   / \   / \   / \&#10;   \ /   \ /   \ /&#10;    X     X     X &#10; X     X     X    &#10;/ \   / \   / \   &#10;\ /   \ /   \ /   &#10; X     X     X    &#10;    X     X     X &#10;   / \   / \   / \&#10;   \ /   \ /   \ /&#10;    X     X     X &#10; X     X     X    &#10;/ \   / \   / \   &#10;\ /   \ /   \ /   &#10; X     X     X    &#10;    X     X     X &#10;   / \   / \   / \&#10;   \ /   \ /   \ /&#10;    X     X     X &#10; X     X     X    &#10;/ \…" classname="Test" time="0.0"/>
  <testcase name="[11]   ____   &#10; /    \&#10;/ /  \ \&#10;\ \__/ /&#10; \____/, Filter(width=1, height=1, result=  ____   &#10; /    \  &#10;/ /  \ \ &#10;\ \__/ / &#10; \____/  )" classname="Test" time="0.0"/>
  <testcase name="[12]   ____   &#10; /    \&#10;/ /  \ \&#10;\ \__/ /&#10; \____/, Filter(width=2, height=1, result=  ____            &#10; /    \           &#10;/ /  \ \          &#10;\ \__/ /          &#10; \____/           )" classname="Test" time="0.0"/>
  <testcase name="[13]   ____   &#10; /    \&#10;/ /  \ \&#10;\ \__/ /&#10; \____/, Filter(width=1, height=2, result=  ____   &#10; /    \  &#10;/ /  \ \ &#10;\ \__/ / &#10; \____/  &#10;  ____   &#10; /    \  &#10;/ /  \ \ &#10;\ \__/ / &#10; \____/  )" classname="Test" time="0.0"/>
  <testcase name="[14]   ____   &#10; /    \&#10;/ /  \ \&#10;\ \__/ /&#10; \____/, Filter(width=5, height=7, result=  ____              ____              ____   &#10; /    \            /    \            /    \  &#10;/ /  \ \          / /  \ \          / /  \ \ &#10;\ \__/ /          \ \__/ /          \ \__/ / &#10; \____/            \____/            \____/  &#10;           ____              ____            &#10;          /    \            /    \           &#10;         / /  \ \          / /  \ \          &#10;         \ \__/ /          \ \__/ /          &#10;          \____/            \____/           &#10;  ____            …" classname="Test" time="0.001"/>
  <testcase name="[15]   ____   &#10; /    \&#10;/ /  \ \&#10;\ \__/ /&#10; \____/, Filter(width=6, height=8, result=  ____              ____              ____            &#10; /    \            /    \            /    \           &#10;/ /  \ \          / /  \ \          / /  \ \          &#10;\ \__/ /          \ \__/ /          \ \__/ /          &#10; \____/            \____/            \____/           &#10;           ____              ____              ____   &#10;          /    \            /    \            /    \  &#10;         / /  \ \          / /  \ \          / /  \ \ &#10;         \ \__/ /          \ \__/ /   …" classname="Test" time="0.0"/>
  <testcase name="[16] +---+---+&#10;| o   o |&#10;|   ^   |&#10;|  ---  |&#10;+---+---+, Filter(width=1, height=1, result=+---+---+&#10;| o   o |&#10;|   ^   |&#10;|  ---  |&#10;+---+---+)" classname="Test" time="0.0"/>
  <testcase name="[17] +---+---+&#10;| o   o |&#10;|   ^   |&#10;|  ---  |&#10;+---+---+, Filter(width=2, height=1, result=+---+---+         &#10;| o   o |         &#10;|   ^   |         &#10;|  ---  |         &#10;+---+---+         )" classname="Test" time="0.001"/>
  <testcase name="[18] +---+---+&#10;| o   o |&#10;|   ^   |&#10;|  ---  |&#10;+---+---+, Filter(width=1, height=2, result=+---+---+&#10;| o   o |&#10;|   ^   |&#10;|  ---  |&#10;+---+---+&#10;+---+---+&#10;| o   o |&#10;|   ^   |&#10;|  ---  |&#10;+---+---+)" classname="Test" time="0.0"/>
  <testcase name="[19] +---+---+&#10;| o   o |&#10;|   ^   |&#10;|  ---  |&#10;+---+---+, Filter(width=5, height=7, result=+---+---+         +---+---+         +---+---+&#10;| o   o |         | o   o |         | o   o |&#10;|   ^   |         |   ^   |         |   ^   |&#10;|  ---  |         |  ---  |         |  ---  |&#10;+---+---+         +---+---+         +---+---+&#10;         +---+---+         +---+---+         &#10;         | o   o |         | o   o |         &#10;         |   ^   |         |   ^   |         &#10;         |  ---  |         |  ---  |         &#10;         +---+---+         +---+---+         &#10;+---+---+         …" classname="Test" time="0.0"/>
  <testcase name="[20] +---+---+&#10;| o   o |&#10;|   ^   |&#10;|  ---  |&#10;+---+---+, Filter(width=6, height=8, result=+---+---+         +---+---+         +---+---+         &#10;| o   o |         | o   o |         | o   o |         &#10;|   ^   |         |   ^   |         |   ^   |         &#10;|  ---  |         |  ---  |         |  ---  |         &#10;+---+---+         +---+---+         +---+---+         &#10;         +---+---+         +---+---+         +---+---+&#10;         | o   o |         | o   o |         | o   o |&#10;         |   ^   |         |   ^   |         |   ^   |&#10;         |  ---  |         |  ---  |  …" classname="Test" time="0.0"/>
  <testcase name="[21]    .+------+&#10; .' |    .'|&#10;+---+--+'  |&#10;|   |  |   |&#10;|  ,+--+---+&#10;|.'    | .' &#10;+------+', Filter(width=1, height=1, result=   .+------+&#10; .' |    .'|&#10;+---+--+'  |&#10;|   |  |   |&#10;|  ,+--+---+&#10;|.'    | .' &#10;+------+'   )" classname="Test" time="0.0"/>
  <testcase name="[22]    .+------+&#10; .' |    .'|&#10;+---+--+'  |&#10;|   |  |   |&#10;|  ,+--+---+&#10;|.'    | .' &#10;+------+', Filter(width=2, height=1, result=   .+------+            &#10; .' |    .'|            &#10;+---+--+'  |            &#10;|   |  |   |            &#10;|  ,+--+---+            &#10;|.'    | .'             &#10;+------+'               )" classname="Test" time="0.0"/>
  <testcase name="[23]    .+------+&#10; .' |    .'|&#10;+---+--+'  |&#10;|   |  |   |&#10;|  ,+--+---+&#10;|.'    | .' &#10;+------+', Filter(width=1, height=2, result=   .+------+&#10; .' |    .'|&#10;+---+--+'  |&#10;|   |  |   |&#10;|  ,+--+---+&#10;|.'    | .' &#10;+------+'   &#10;   .+------+&#10; .' |    .'|&#10;+---+--+'  |&#10;|   |  |   |&#10;|  ,+--+---+&#10;|.'    | .' &#10;+------+'   )" classname="Test" time="0.0"/>
  <testcase name="[24]    .+------+&#10; .' |    .'|&#10;+---+--+'  |&#10;|   |  |   |&#10;|  ,+--+---+&#10;|.'    | .' &#10;+------+', Filter(width=5, height=7, result=   .+------+               .+------+               .+------+&#10; .' |    .'|             .' |    .'|             .' |    .'|&#10;+---+--+'  |            +---+--+'  |            +---+--+'  |&#10;|   |  |   |            |   |  |   |            |   |  |   |&#10;|  ,+--+---+            |  ,+--+---+            |  ,+--+---+&#10;|.'    | .'             |.'    | .'             |.'    | .' &#10;+------+'               +------+'               +------+'   &#10;               .+------+               .+------+   …" classname="Test" time="0.001"/>
  <testcase name="[25]    .+------+&#10; .' |    .'|&#10;+---+--+'  |&#10;|   |  |   |&#10;|  ,+--+---+&#10;|.'    | .' &#10;+------+', Filter(width=6, height=8, result=   .+------+               .+------+               .+------+            &#10; .' |    .'|             .' |    .'|             .' |    .'|            &#10;+---+--+'  |            +---+--+'  |            +---+--+'  |            &#10;|   |  |   |            |   |  |   |            |   |  |   |            &#10;|  ,+--+---+            |  ,+--+---+            |  ,+--+---+            &#10;|.'    | .'             |.'    | .'             |.'    | .'             &#10;+------+'               +------+'       …" classname="Test" time="0.0"/>
  <system-out><![CDATA[]]></system-out>
  <system-err><![CDATA[]]></system-err>
</testsuite>
